mode: set
task-manager/internal/task/errors.go:9.35,12.2 1 1
task-manager/internal/task/repository.go:16.52,18.2 1 0
task-manager/internal/task/repository.go:20.80,22.2 1 0
task-manager/internal/task/service.go:13.49,15.2 1 1
task-manager/internal/task/service.go:17.92,18.21 1 1
task-manager/internal/task/service.go:18.21,20.3 1 1
task-manager/internal/task/service.go:22.2,22.27 1 1
task-manager/internal/task/service.go:22.27,24.3 1 1
task-manager/internal/task/service.go:26.2,26.37 1 1
task-manager/internal/task/service.go:26.37,28.3 1 1
task-manager/internal/task/service.go:30.2,30.37 1 1
task-manager/internal/task/service.go:30.37,32.3 1 1
task-manager/internal/task/service.go:34.2,45.16 3 1
task-manager/internal/task/service.go:45.16,47.3 1 0
task-manager/internal/task/service.go:49.2,49.18 1 1
